nohup: ignoring input
w149 shape: (12, 7000, 3), acceptance fraction: [0.363  0.377  0.3813 0.3844 0.3819 0.3733 0.3693 0.3743 0.3744 0.3891 0.3666 0.3846], time: 17297.04s
Probability distribution: [4.9468e-07 5.4136e-01 6.1772e-01 7.4960e-01 9.9754e-01 1.0000e+00 1.0000e+00 1.0000e+00 1.0000e+00]
Chain too short to reliably calculate autocorrelation time
/home/towilson/miniconda3/envs/astroconda/lib/python3.7/site-packages/emcee/autocorr.py:41: FutureWarning: Using a non-tuple sequence for multidimensional indexing is deprecated; use `arr[tuple(seq)]` instead of `arr[seq]`. In the future this will be interpreted as an array index, `arr[np.array(seq)]`, which will result either in an error or a different result.
  acf = np.fft.ifft(f * np.conjugate(f), axis=axis)[m].real
/home/towilson/miniconda3/envs/astroconda/lib/python3.7/site-packages/emcee/autocorr.py:43: FutureWarning: Using a non-tuple sequence for multidimensional indexing is deprecated; use `arr[tuple(seq)]` instead of `arr[seq]`. In the future this will be interpreted as an array index, `arr[np.array(seq)]`, which will result either in an error or a different result.
  return acf / acf[m]
/home/towilson/miniconda3/envs/astroconda/lib/python3.7/site-packages/emcee/autocorr.py:105: FutureWarning: Using a non-tuple sequence for multidimensional indexing is deprecated; use `arr[tuple(seq)]` instead of `arr[seq]`. In the future this will be interpreted as an array index, `arr[np.array(seq)]`, which will result either in an error or a different result.
  tau = 1 + 2 * np.sum(f[m], axis=axis)
z087j129h158 shape: (12, 7000, 3), acceptance fraction: [0.2476 0.2474 0.2597 0.24   0.2577 0.2291 0.2689 0.2307 0.2363 0.2496 0.2456 0.2569], time: 13609.41s
Probability distribution: [1.9134e-152 7.4576e-001 9.6809e-001 9.9917e-001 1.0000e+000 1.0000e+000 1.0000e+000 1.0000e+000 1.0000e+000]
Chain too short to reliably calculate autocorrelation time
/home/towilson/miniconda3/envs/astroconda/lib/python3.7/site-packages/emcee/autocorr.py:41: FutureWarning: Using a non-tuple sequence for multidimensional indexing is deprecated; use `arr[tuple(seq)]` instead of `arr[seq]`. In the future this will be interpreted as an array index, `arr[np.array(seq)]`, which will result either in an error or a different result.
  acf = np.fft.ifft(f * np.conjugate(f), axis=axis)[m].real
/home/towilson/miniconda3/envs/astroconda/lib/python3.7/site-packages/emcee/autocorr.py:43: FutureWarning: Using a non-tuple sequence for multidimensional indexing is deprecated; use `arr[tuple(seq)]` instead of `arr[seq]`. In the future this will be interpreted as an array index, `arr[np.array(seq)]`, which will result either in an error or a different result.
  return acf / acf[m]
/home/towilson/miniconda3/envs/astroconda/lib/python3.7/site-packages/emcee/autocorr.py:105: FutureWarning: Using a non-tuple sequence for multidimensional indexing is deprecated; use `arr[tuple(seq)]` instead of `arr[seq]`. In the future this will be interpreted as an array index, `arr[np.array(seq)]`, which will result either in an error or a different result.
  tau = 1 + 2 * np.sum(f[m], axis=axis)
z087y106w149j129h158f184 shape: (12, 7000, 3), acceptance fraction: [0.2634 0.2791 0.301  0.2919 0.2803 0.2991 0.286  0.2861 0.3093 0.2857 0.2917 0.2839], time: 35398.67s
Probability distribution: [7.0928e-100 9.5542e-001 9.9833e-001 1.0000e+000 1.0000e+000 1.0000e+000 1.0000e+000 1.0000e+000 1.0000e+000]
Chain too short to reliably calculate autocorrelation time
/home/towilson/miniconda3/envs/astroconda/lib/python3.7/site-packages/emcee/autocorr.py:41: FutureWarning: Using a non-tuple sequence for multidimensional indexing is deprecated; use `arr[tuple(seq)]` instead of `arr[seq]`. In the future this will be interpreted as an array index, `arr[np.array(seq)]`, which will result either in an error or a different result.
  acf = np.fft.ifft(f * np.conjugate(f), axis=axis)[m].real
/home/towilson/miniconda3/envs/astroconda/lib/python3.7/site-packages/emcee/autocorr.py:43: FutureWarning: Using a non-tuple sequence for multidimensional indexing is deprecated; use `arr[tuple(seq)]` instead of `arr[seq]`. In the future this will be interpreted as an array index, `arr[np.array(seq)]`, which will result either in an error or a different result.
  return acf / acf[m]
/home/towilson/miniconda3/envs/astroconda/lib/python3.7/site-packages/emcee/autocorr.py:105: FutureWarning: Using a non-tuple sequence for multidimensional indexing is deprecated; use `arr[tuple(seq)]` instead of `arr[seq]`. In the future this will be interpreted as an array index, `arr[np.array(seq)]`, which will result either in an error or a different result.
  tau = 1 + 2 * np.sum(f[m], axis=axis)
/home/towilson/miniconda3/envs/astroconda/lib/python3.7/site-packages/emcee/autocorr.py:41: FutureWarning: Using a non-tuple sequence for multidimensional indexing is deprecated; use `arr[tuple(seq)]` instead of `arr[seq]`. In the future this will be interpreted as an array index, `arr[np.array(seq)]`, which will result either in an error or a different result.
  acf = np.fft.ifft(f * np.conjugate(f), axis=axis)[m].real
/home/towilson/miniconda3/envs/astroconda/lib/python3.7/site-packages/emcee/autocorr.py:43: FutureWarning: Using a non-tuple sequence for multidimensional indexing is deprecated; use `arr[tuple(seq)]` instead of `arr[seq]`. In the future this will be interpreted as an array index, `arr[np.array(seq)]`, which will result either in an error or a different result.
  return acf / acf[m]
/home/towilson/miniconda3/envs/astroconda/lib/python3.7/site-packages/emcee/autocorr.py:105: FutureWarning: Using a non-tuple sequence for multidimensional indexing is deprecated; use `arr[tuple(seq)]` instead of `arr[seq]`. In the future this will be interpreted as an array index, `arr[np.array(seq)]`, which will result either in an error or a different result.
  tau = 1 + 2 * np.sum(f[m], axis=axis)
y106f184 shape: (12, 7000, 3), acceptance fraction: [0.2683 0.2614 0.295  0.2883 0.2824 0.2927 0.3086 0.2813 0.2826 0.2944 0.2857 0.2836], time: 9025.85s
Probability distribution: [0.0076 0.3763 0.5047 0.6179 0.9999 1.     1.     1.     1.    ]
Chain too short to reliably calculate autocorrelation time
